2022-08-31 12:12:17,959 :INFO :test_formsubmision :te dhenat u futen me sukses
2022-08-31 12:12:19,141 :INFO :test_formsubmision :te dhenat u futen me sukses
2022-08-31 12:12:19,141 :INFO :test_formsubmision :te dhenat u futen me sukses
2022-08-31 12:12:26,717 :INFO :test_e2e :Kap celularet
2022-08-31 12:12:26,753 :INFO :test_e2e :iphone X
2022-08-31 12:12:26,868 :INFO :test_e2e :Samsung Note 8
2022-08-31 12:12:27,175 :INFO :test_e2e :Entering Country name al
2022-08-31 12:12:33,676 :INFO :test_e2e :×
Success! Thank you! Your order will be delivered in next few weeks :-).
2022-08-31 12:38:36,115 :INFO :test_formsubmision :te dhenat u futen me sukses
2022-08-31 12:38:37,096 :INFO :test_formsubmision :te dhenat u futen me sukses
2022-08-31 12:38:37,096 :INFO :test_formsubmision :te dhenat u futen me sukses
2022-08-31 12:38:42,196 :INFO :test_e2e :Kap celularet
2022-08-31 12:38:42,224 :INFO :test_e2e :iphone X
2022-08-31 12:38:42,253 :INFO :test_e2e :Samsung Note 8
2022-08-31 12:38:42,679 :INFO :test_e2e :Entering Country name al
2022-08-31 12:38:49,000 :INFO :test_e2e :×
Success! Thank you! Your order will be delivered in next few weeks :-).
2022-08-31 12:43:30,332 :INFO :test_formsubmision :te dhenat u futen me sukses
2022-08-31 12:43:31,324 :INFO :test_formsubmision :te dhenat u futen me sukses
2022-08-31 12:43:31,324 :INFO :test_formsubmision :te dhenat u futen me sukses
2022-08-31 12:43:36,564 :INFO :test_e2e :Kap celularet
2022-08-31 12:43:36,586 :INFO :test_e2e :iphone X
2022-08-31 12:43:36,606 :INFO :test_e2e :Samsung Note 8
2022-08-31 12:43:36,922 :INFO :test_e2e :Entering Country name al
2022-08-31 12:43:43,248 :INFO :test_e2e :×
Success! Thank you! Your order will be delivered in next few weeks :-).
2022-08-31 13:00:36,256 :INFO :test_formsubmision :te dhenat u futen me sukses
2022-08-31 13:00:37,212 :INFO :test_formsubmision :te dhenat u futen me sukses
2022-08-31 13:00:37,212 :INFO :test_formsubmision :te dhenat u futen me sukses
2022-08-31 13:00:42,291 :INFO :test_e2e :Kap celularet
2022-08-31 13:00:42,321 :INFO :test_e2e :iphone X
2022-08-31 13:00:42,449 :INFO :test_e2e :Samsung Note 8
2022-08-31 13:00:42,742 :INFO :test_e2e :Entering Country name al
2022-08-31 13:00:49,083 :INFO :test_e2e :×
Success! Thank you! Your order will be delivered in next few weeks :-).
2022-08-31 13:02:47,427 :INFO :test_formsubmision :te dhenat u futen me sukses
2022-08-31 13:02:48,561 :INFO :test_formsubmision :te dhenat u futen me sukses
2022-08-31 13:02:48,561 :INFO :test_formsubmision :te dhenat u futen me sukses
2022-08-31 13:02:53,842 :INFO :test_e2e :Kap celularet
2022-08-31 13:02:53,873 :INFO :test_e2e :iphone X
2022-08-31 13:02:53,906 :INFO :test_e2e :Samsung Note 8
2022-08-31 13:02:54,301 :INFO :test_e2e :Entering Country name al
2022-08-31 13:03:00,612 :INFO :test_e2e :×
Success! Thank you! Your order will be delivered in next few weeks :-).
2022-08-31 13:10:42,254 :INFO :test_formsubmision :te dhenat u futen me sukses
2022-08-31 13:10:43,213 :INFO :test_formsubmision :te dhenat u futen me sukses
2022-08-31 13:10:43,213 :INFO :test_formsubmision :te dhenat u futen me sukses
2022-08-31 13:10:48,609 :INFO :test_e2e :Kap celularet
2022-08-31 13:10:48,632 :INFO :test_e2e :iphone X
2022-08-31 13:10:48,656 :INFO :test_e2e :Samsung Note 8
2022-08-31 13:10:48,983 :INFO :test_e2e :Entering Country name al
2022-08-31 13:10:55,445 :INFO :test_e2e :×
Success! Thank you! Your order will be delivered in next few weeks :-).
2022-08-31 13:12:54,762 :INFO :test_formsubmision :te dhenat u futen me sukses
2022-08-31 13:12:55,724 :INFO :test_formsubmision :te dhenat u futen me sukses
2022-08-31 13:12:55,724 :INFO :test_formsubmision :te dhenat u futen me sukses
2022-08-31 13:13:00,899 :INFO :test_e2e :Kap celularet
2022-08-31 13:13:00,931 :INFO :test_e2e :iphone X
2022-08-31 13:13:01,035 :INFO :test_e2e :Samsung Note 8
2022-08-31 13:13:01,334 :INFO :test_e2e :Entering Country name al
2022-08-31 13:13:07,658 :INFO :test_e2e :×
Success! Thank you! Your order will be delivered in next few weeks :-).
2022-08-31 13:20:09,721 :INFO :test_formsubmision :te dhenat u futen me sukses
2022-08-31 13:20:10,807 :INFO :test_formsubmision :te dhenat u futen me sukses
2022-08-31 13:20:10,807 :INFO :test_formsubmision :te dhenat u futen me sukses
2022-08-31 13:20:16,218 :INFO :test_e2e :Kap celularet
2022-08-31 13:20:16,243 :INFO :test_e2e :iphone X
2022-08-31 13:20:16,264 :INFO :test_e2e :Samsung Note 8
2022-08-31 13:20:16,602 :INFO :test_e2e :Entering Country name al
2022-08-31 13:20:22,980 :INFO :test_e2e :×
Success! Thank you! Your order will be delivered in next few weeks :-).
2022-08-31 13:59:07,919 :INFO :test_formsubmision :te dhenat u futen me sukses
2022-08-31 13:59:08,895 :INFO :test_formsubmision :te dhenat u futen me sukses
2022-08-31 13:59:08,895 :INFO :test_formsubmision :te dhenat u futen me sukses
2022-08-31 13:59:14,080 :INFO :test_e2e :Kap celularet
2022-08-31 13:59:14,102 :INFO :test_e2e :iphone X
2022-08-31 13:59:14,121 :INFO :test_e2e :Samsung Note 8
2022-08-31 13:59:14,424 :INFO :test_e2e :Entering Country name al
2022-08-31 13:59:20,816 :INFO :test_e2e :×
Success! Thank you! Your order will be delivered in next few weeks :-).
2022-08-31 15:59:08,256 :INFO :test_formsubmision :te dhenat u futen me sukses
2022-08-31 15:59:10,842 :INFO :test_formsubmision :te dhenat u futen me sukses
2022-08-31 15:59:10,842 :INFO :test_formsubmision :te dhenat u futen me sukses
2022-08-31 15:59:24,886 :INFO :test_e2e :Kap celularet
2022-08-31 15:59:24,916 :INFO :test_e2e :iphone X
2022-08-31 15:59:24,938 :INFO :test_e2e :Samsung Note 8
2022-08-31 15:59:25,729 :INFO :test_e2e :Entering Country name al
2022-09-01 11:02:59,439 :INFO :test_formsubmision :te dhenat u futen me sukses
2022-09-01 11:03:00,415 :INFO :test_formsubmision :te dhenat u futen me sukses
2022-09-01 11:03:00,415 :INFO :test_formsubmision :te dhenat u futen me sukses
2022-09-01 11:03:05,749 :INFO :test_e2e :Kap celularet
2022-09-01 11:03:05,782 :INFO :test_e2e :iphone X
2022-09-01 11:03:05,802 :INFO :test_e2e :Samsung Note 8
2022-09-01 11:03:06,103 :INFO :test_e2e :Entering Country name al
2022-09-01 11:03:12,613 :INFO :test_e2e :×
Success! Thank you! Your order will be delivered in next few weeks :-).
